<?xml version="1.0" encoding="UTF-8"?>
<testsuite name="com.wiki.koshkin.test.LoginWiki" tests="1" skipped="0" failures="0" errors="0" timestamp="2020-01-29T18:33:50" hostname="MacBook-Pro-MacBook.local" time="31.384">
  <properties/>
  <testcase name="openWikipediaTest" classname="com.wiki.koshkin.test.LoginWiki" time="31.384"/>
  <system-out><![CDATA[20:33:34.999 [Test worker] INFO  com.wiki.koshkin.test.TestBase - Start test openWikipediaTest with parameters[]
Search element By.xpath: //li[@id='pt-notifications-alert']
20:33:35.007 [Test worker] INFO  c.w.k.m.ApplicationManager$MyListener - Search element By.xpath: //li[@id='pt-notifications-alert']
By.xpath: //li[@id='pt-notifications-alert']found! 
Search element By.id: js-link-box-en
20:33:50.050 [Test worker] INFO  c.w.k.m.ApplicationManager$MyListener - Search element By.id: js-link-box-en
By.id: js-link-box-enfound! 
Search element By.id: pt-login
20:33:56.901 [Test worker] INFO  c.w.k.m.ApplicationManager$MyListener - Search element By.id: pt-login
By.id: pt-loginfound! 
Search element By.id: wpName1
20:34:04.305 [Test worker] INFO  c.w.k.m.ApplicationManager$MyListener - Search element By.id: wpName1
By.id: wpName1found! 
Search element By.id: wpName1
20:34:04.356 [Test worker] INFO  c.w.k.m.ApplicationManager$MyListener - Search element By.id: wpName1
By.id: wpName1found! 
Search element By.id: wpName1
20:34:04.390 [Test worker] INFO  c.w.k.m.ApplicationManager$MyListener - Search element By.id: wpName1
By.id: wpName1found! 
Search element By.id: wpPassword1
20:34:04.510 [Test worker] INFO  c.w.k.m.ApplicationManager$MyListener - Search element By.id: wpPassword1
By.id: wpPassword1found! 
Search element By.id: wpPassword1
20:34:04.581 [Test worker] INFO  c.w.k.m.ApplicationManager$MyListener - Search element By.id: wpPassword1
By.id: wpPassword1found! 
Search element By.id: wpPassword1
20:34:04.633 [Test worker] INFO  c.w.k.m.ApplicationManager$MyListener - Search element By.id: wpPassword1
By.id: wpPassword1found! 
Search element By.id: wpLoginAttempt
20:34:09.702 [Test worker] INFO  c.w.k.m.ApplicationManager$MyListener - Search element By.id: wpLoginAttempt
By.id: wpLoginAttemptfound! 
Search element By.xpath: //li[@id='pt-notifications-alert']
20:34:21.412 [Test worker] INFO  c.w.k.m.ApplicationManager$MyListener - Search element By.xpath: //li[@id='pt-notifications-alert']
By.xpath: //li[@id='pt-notifications-alert']found! 
20:34:21.434 [Test worker] INFO  com.wiki.koshkin.test.TestBase - Stop test openWikipediaTest
]]></system-out>
  <system-err><![CDATA[]]></system-err>
</testsuite>
